<?xml version="1.0" encoding="UTF-8"?>
<testng-results ignored="0" total="1" passed="1" failed="0" skipped="0">
  <reporter-output>
  </reporter-output>
  <suite started-at="2020-01-30T18:38:44 GMT" name="Default suite" finished-at="2020-01-30T18:38:49 GMT" duration-ms="4587">
    <groups>
    </groups>
    <test started-at="2020-01-30T18:38:44 GMT" name="Default test" finished-at="2020-01-30T18:38:49 GMT" duration-ms="4587">
      <class name="com.restAssuredhelper.RestAssuredDemo">
        <test-method is-config="true" signature="setUp()[pri:0, instance:com.restAssuredhelper.RestAssuredDemo@12d4bf7e]" started-at="2020-01-30T18:38:44 GMT" name="setUp" finished-at="2020-01-30T18:38:45 GMT" duration-ms="696" status="PASS">
          <reporter-output>
          </reporter-output>
        </test-method> <!-- setUp -->
        <test-method signature="test1()[pri:0, instance:com.restAssuredhelper.RestAssuredDemo@12d4bf7e]" started-at="2020-01-30T18:38:45 GMT" name="test1" finished-at="2020-01-30T18:38:49 GMT" duration-ms="3814" status="PASS">
          <reporter-output>
          </reporter-output>
        </test-method> <!-- test1 -->
      </class> <!-- com.restAssuredhelper.RestAssuredDemo -->
    </test> <!-- Default test -->
  </suite> <!-- Default suite -->
</testng-results>
